# JRE version: Java(TM) SE Runtime Environment (8.0_66-b17) (build 1.8.0_66-b17)
# Java VM: Java HotSpot(TM) 64-Bit Server VM (25.66-b17 mixed mode windows-amd64 compressed oops)
Heap:
 PSYoungGen      total 258048K, used 139482K [0x00000000d6b80000, 0x00000000eaa00000, 0x0000000100000000)
  eden space 243712K, 57% used [0x00000000d6b80000,0x00000000df3b69f8,0x00000000e5980000)
  from space 14336K, 0% used [0x00000000e5980000,0x00000000e5980000,0x00000000e6780000)
  to   space 13824K, 0% used [0x00000000e9c80000,0x00000000e9c80000,0x00000000eaa00000)
 ParOldGen       total 76288K, used 22561K [0x0000000084200000, 0x0000000088c80000, 0x00000000d6b80000)
  object space 76288K, 29% used [0x0000000084200000,0x0000000085808670,0x0000000088c80000)
 Metaspace       used 45521K, capacity 46180K, committed 46424K, reserved 1089536K
  class space    used 5241K, capacity 5426K, committed 5504K, reserved 1048576K
GC Heap History (10 events):
Event: 8.273 GC heap before
{Heap before GC invocations=7 (full 0):
 PSYoungGen      total 134656K, used 14841K [0x00000000d6b80000, 0x00000000dfe80000, 0x0000000100000000)
  eden space 124928K, 4% used [0x00000000d6b80000,0x00000000d70847a0,0x00000000de580000)
  from space 9728K, 99% used [0x00000000df100000,0x00000000dfa79df8,0x00000000dfa80000)
  to   space 11776K, 0% used [0x00000000de580000,0x00000000de580000,0x00000000df100000)
 ParOldGen       total 84992K, used 11506K [0x0000000084200000, 0x0000000089500000, 0x00000000d6b80000)
  object space 84992K, 13% used [0x0000000084200000,0x0000000084d3c858,0x0000000089500000)
 Metaspace       used 20618K, capacity 21104K, committed 21248K, reserved 1069056K
  class space    used 2382K, capacity 2505K, committed 2560K, reserved 1048576K
Event: 8.337 GC heap after
Heap after GC invocations=7 (full 0):
 PSYoungGen      total 136704K, used 6948K [0x00000000d6b80000, 0x00000000e7580000, 0x0000000100000000)
  eden space 124928K, 0% used [0x00000000d6b80000,0x00000000d6b80000,0x00000000de580000)
  from space 11776K, 59% used [0x00000000de580000,0x00000000dec49038,0x00000000df100000)
  to   space 11264K, 0% used [0x00000000e6a80000,0x00000000e6a80000,0x00000000e7580000)
 ParOldGen       total 84992K, used 13266K [0x0000000084200000, 0x0000000089500000, 0x00000000d6b80000)
  object space 84992K, 15% used [0x0000000084200000,0x0000000084ef48a8,0x0000000089500000)
 Metaspace       used 20618K, capacity 21104K, committed 21248K, reserved 1069056K
  class space    used 2382K, capacity 2505K, committed 2560K, reserved 1048576K
}
Event: 8.337 GC heap before
{Heap before GC invocations=8 (full 1):
 PSYoungGen      total 136704K, used 6948K [0x00000000d6b80000, 0x00000000e7580000, 0x0000000100000000)
  eden space 124928K, 0% used [0x00000000d6b80000,0x00000000d6b80000,0x00000000de580000)
  from space 11776K, 59% used [0x00000000de580000,0x00000000dec49038,0x00000000df100000)
  to   space 11264K, 0% used [0x00000000e6a80000,0x00000000e6a80000,0x00000000e7580000)
 ParOldGen       total 84992K, used 13266K [0x0000000084200000, 0x0000000089500000, 0x00000000d6b80000)
  object space 84992K, 15% used [0x0000000084200000,0x0000000084ef48a8,0x0000000089500000)
 Metaspace       used 20618K, capacity 21104K, committed 21248K, reserved 1069056K
  class space    used 2382K, capacity 2505K, committed 2560K, reserved 1048576K
Event: 8.677 GC heap after
Heap after GC invocations=8 (full 1):
 PSYoungGen      total 136704K, used 0K [0x00000000d6b80000, 0x00000000e7580000, 0x0000000100000000)
  eden space 124928K, 0% used [0x00000000d6b80000,0x00000000d6b80000,0x00000000de580000)
  from space 11776K, 0% used [0x00000000de580000,0x00000000de580000,0x00000000df100000)
  to   space 11264K, 0% used [0x00000000e6a80000,0x00000000e6a80000,0x00000000e7580000)
 ParOldGen       total 57344K, used 14465K [0x0000000084200000, 0x0000000087a00000, 0x00000000d6b80000)
  object space 57344K, 25% used [0x0000000084200000,0x00000000850204d0,0x0000000087a00000)
 Metaspace       used 20618K, capacity 21104K, committed 21248K, reserved 1069056K
  class space    used 2382K, capacity 2505K, committed 2560K, reserved 1048576K
}
Event: 32.393 GC heap before
{Heap before GC invocations=9 (full 1):
 PSYoungGen      total 136704K, used 124928K [0x00000000d6b80000, 0x00000000e7580000, 0x0000000100000000)
  eden space 124928K, 100% used [0x00000000d6b80000,0x00000000de580000,0x00000000de580000)
  from space 11776K, 0% used [0x00000000de580000,0x00000000de580000,0x00000000df100000)
  to   space 11264K, 0% used [0x00000000e6a80000,0x00000000e6a80000,0x00000000e7580000)
 ParOldGen       total 57344K, used 14465K [0x0000000084200000, 0x0000000087a00000, 0x00000000d6b80000)
  object space 57344K, 25% used [0x0000000084200000,0x00000000850204d0,0x0000000087a00000)
 Metaspace       used 33533K, capacity 34042K, committed 34304K, reserved 1079296K
  class space    used 3960K, capacity 4080K, committed 4096K, reserved 1048576K
Event: 32.424 GC heap after
Heap after GC invocations=9 (full 1):
 PSYoungGen      total 224768K, used 11249K [0x00000000d6b80000, 0x00000000e7580000, 0x0000000100000000)
  eden space 213504K, 0% used [0x00000000d6b80000,0x00000000d6b80000,0x00000000e3c00000)
  from space 11264K, 99% used [0x00000000e6a80000,0x00000000e757c678,0x00000000e7580000)
  to   space 14336K, 0% used [0x00000000e5980000,0x00000000e5980000,0x00000000e6780000)
 ParOldGen       total 57344K, used 18573K [0x0000000084200000, 0x0000000087a00000, 0x00000000d6b80000)
  object space 57344K, 32% used [0x0000000084200000,0x0000000085423660,0x0000000087a00000)
 Metaspace       used 33533K, capacity 34042K, committed 34304K, reserved 1079296K
  class space    used 3960K, capacity 4080K, committed 4096K, reserved 1048576K
}
Event: 33.290 GC heap before
{Heap before GC invocations=10 (full 1):
 PSYoungGen      total 224768K, used 85887K [0x00000000d6b80000, 0x00000000e7580000, 0x0000000100000000)
  eden space 213504K, 34% used [0x00000000d6b80000,0x00000000db4636a8,0x00000000e3c00000)
  from space 11264K, 99% used [0x00000000e6a80000,0x00000000e757c678,0x00000000e7580000)
  to   space 14336K, 0% used [0x00000000e5980000,0x00000000e5980000,0x00000000e6780000)
 ParOldGen       total 57344K, used 18573K [0x0000000084200000, 0x0000000087a00000, 0x00000000d6b80000)
  object space 57344K, 32% used [0x0000000084200000,0x0000000085423660,0x0000000087a00000)
 Metaspace       used 34696K, capacity 35200K, committed 35416K, reserved 1081344K
  class space    used 4091K, capacity 4209K, committed 4224K, reserved 1048576K
Event: 33.311 GC heap after
Heap after GC invocations=10 (full 1):
 PSYoungGen      total 258048K, used 9252K [0x00000000d6b80000, 0x00000000eaa00000, 0x0000000100000000)
  eden space 243712K, 0% used [0x00000000d6b80000,0x00000000d6b80000,0x00000000e5980000)
  from space 14336K, 64% used [0x00000000e5980000,0x00000000e6289118,0x00000000e6780000)
  to   space 13824K, 0% used [0x00000000e9c80000,0x00000000e9c80000,0x00000000eaa00000)
 ParOldGen       total 57344K, used 18581K [0x0000000084200000, 0x0000000087a00000, 0x00000000d6b80000)
  object space 57344K, 32% used [0x0000000084200000,0x0000000085425660,0x0000000087a00000)
 Metaspace       used 34696K, capacity 35200K, committed 35416K, reserved 1081344K
  class space    used 4091K, capacity 4209K, committed 4224K, reserved 1048576K
}
Event: 33.311 GC heap before
{Heap before GC invocations=11 (full 2):
 PSYoungGen      total 258048K, used 9252K [0x00000000d6b80000, 0x00000000eaa00000, 0x0000000100000000)
  eden space 243712K, 0% used [0x00000000d6b80000,0x00000000d6b80000,0x00000000e5980000)
  from space 14336K, 64% used [0x00000000e5980000,0x00000000e6289118,0x00000000e6780000)
  to   space 13824K, 0% used [0x00000000e9c80000,0x00000000e9c80000,0x00000000eaa00000)
 ParOldGen       total 57344K, used 18581K [0x0000000084200000, 0x0000000087a00000, 0x00000000d6b80000)
  object space 57344K, 32% used [0x0000000084200000,0x0000000085425660,0x0000000087a00000)
 Metaspace       used 34696K, capacity 35200K, committed 35416K, reserved 1081344K
  class space    used 4091K, capacity 4209K, committed 4224K, reserved 1048576K
Event: 33.514 GC heap after
Heap after GC invocations=11 (full 2):
 PSYoungGen      total 258048K, used 0K [0x00000000d6b80000, 0x00000000eaa00000, 0x0000000100000000)
  eden space 243712K, 0% used [0x00000000d6b80000,0x00000000d6b80000,0x00000000e5980000)
  from space 14336K, 0% used [0x00000000e5980000,0x00000000e5980000,0x00000000e6780000)
  to   space 13824K, 0% used [0x00000000e9c80000,0x00000000e9c80000,0x00000000eaa00000)
 ParOldGen       total 76288K, used 22561K [0x0000000084200000, 0x0000000088c80000, 0x00000000d6b80000)
  object space 76288K, 29% used [0x0000000084200000,0x0000000085808670,0x0000000088c80000)
 Metaspace       used 34696K, capacity 35200K, committed 35416K, reserved 1081344K
  class space    used 4091K, capacity 4209K, committed 4224K, reserved 1048576K
}

