# JRE version: Java(TM) SE Runtime Environment (8.0_66-b17) (build 1.8.0_66-b17)
# Java VM: Java HotSpot(TM) 64-Bit Server VM (25.66-b17 mixed mode windows-amd64 compressed oops)
Heap:
 PSYoungGen      total 259584K, used 143486K [0x00000000d6b80000, 0x00000000e7c00000, 0x0000000100000000)
  eden space 245760K, 58% used [0x00000000d6b80000,0x00000000df79f8a8,0x00000000e5b80000)
  from space 13824K, 0% used [0x00000000e5b80000,0x00000000e5b80000,0x00000000e6900000)
  to   space 13312K, 0% used [0x00000000e6f00000,0x00000000e6f00000,0x00000000e7c00000)
 ParOldGen       total 86528K, used 22557K [0x0000000084200000, 0x0000000089680000, 0x00000000d6b80000)
  object space 86528K, 26% used [0x0000000084200000,0x00000000858077e8,0x0000000089680000)
 Metaspace       used 45602K, capacity 46300K, committed 46760K, reserved 1091584K
  class space    used 5308K, capacity 5511K, committed 5552K, reserved 1048576K
GC Heap History (10 events):
Event: 7.161 GC heap before
{Heap before GC invocations=7 (full 0):
 PSYoungGen      total 134144K, used 16849K [0x00000000d6b80000, 0x00000000dfd80000, 0x0000000100000000)
  eden space 124928K, 6% used [0x00000000d6b80000,0x00000000d72fc620,0x00000000de580000)
  from space 9216K, 99% used [0x00000000df080000,0x00000000df978070,0x00000000df980000)
  to   space 11264K, 0% used [0x00000000de580000,0x00000000de580000,0x00000000df080000)
 ParOldGen       total 84992K, used 11334K [0x0000000084200000, 0x0000000089500000, 0x00000000d6b80000)
  object space 84992K, 13% used [0x0000000084200000,0x0000000084d11a10,0x0000000089500000)
 Metaspace       used 20724K, capacity 21168K, committed 21296K, reserved 1069056K
  class space    used 2433K, capacity 2569K, committed 2608K, reserved 1048576K
Event: 7.602 GC heap after
Heap after GC invocations=7 (full 0):
 PSYoungGen      total 136192K, used 8835K [0x00000000d6b80000, 0x00000000e7680000, 0x0000000100000000)
  eden space 124928K, 0% used [0x00000000d6b80000,0x00000000d6b80000,0x00000000de580000)
  from space 11264K, 78% used [0x00000000de580000,0x00000000dee20f98,0x00000000df080000)
  to   space 11776K, 0% used [0x00000000e6b00000,0x00000000e6b00000,0x00000000e7680000)
 ParOldGen       total 84992K, used 13104K [0x0000000084200000, 0x0000000089500000, 0x00000000d6b80000)
  object space 84992K, 15% used [0x0000000084200000,0x0000000084ecc2a0,0x0000000089500000)
 Metaspace       used 20724K, capacity 21168K, committed 21296K, reserved 1069056K
  class space    used 2433K, capacity 2569K, committed 2608K, reserved 1048576K
}
Event: 7.602 GC heap before
{Heap before GC invocations=8 (full 1):
 PSYoungGen      total 136192K, used 8835K [0x00000000d6b80000, 0x00000000e7680000, 0x0000000100000000)
  eden space 124928K, 0% used [0x00000000d6b80000,0x00000000d6b80000,0x00000000de580000)
  from space 11264K, 78% used [0x00000000de580000,0x00000000dee20f98,0x00000000df080000)
  to   space 11776K, 0% used [0x00000000e6b00000,0x00000000e6b00000,0x00000000e7680000)
 ParOldGen       total 84992K, used 13104K [0x0000000084200000, 0x0000000089500000, 0x00000000d6b80000)
  object space 84992K, 15% used [0x0000000084200000,0x0000000084ecc2a0,0x0000000089500000)
 Metaspace       used 20724K, capacity 21168K, committed 21296K, reserved 1069056K
  class space    used 2433K, capacity 2569K, committed 2608K, reserved 1048576K
Event: 8.244 GC heap after
Heap after GC invocations=8 (full 1):
 PSYoungGen      total 136192K, used 0K [0x00000000d6b80000, 0x00000000e7680000, 0x0000000100000000)
  eden space 124928K, 0% used [0x00000000d6b80000,0x00000000d6b80000,0x00000000de580000)
  from space 11264K, 0% used [0x00000000de580000,0x00000000de580000,0x00000000df080000)
  to   space 11776K, 0% used [0x00000000e6b00000,0x00000000e6b00000,0x00000000e7680000)
 ParOldGen       total 63488K, used 15667K [0x0000000084200000, 0x0000000088000000, 0x00000000d6b80000)
  object space 63488K, 24% used [0x0000000084200000,0x000000008514cd70,0x0000000088000000)
 Metaspace       used 20724K, capacity 21168K, committed 21296K, reserved 1069056K
  class space    used 2433K, capacity 2569K, committed 2608K, reserved 1048576K
}
Event: 20.706 GC heap before
{Heap before GC invocations=9 (full 1):
 PSYoungGen      total 136192K, used 124928K [0x00000000d6b80000, 0x00000000e7680000, 0x0000000100000000)
  eden space 124928K, 100% used [0x00000000d6b80000,0x00000000de580000,0x00000000de580000)
  from space 11264K, 0% used [0x00000000de580000,0x00000000de580000,0x00000000df080000)
  to   space 11776K, 0% used [0x00000000e6b00000,0x00000000e6b00000,0x00000000e7680000)
 ParOldGen       total 63488K, used 15667K [0x0000000084200000, 0x0000000088000000, 0x00000000d6b80000)
  object space 63488K, 24% used [0x0000000084200000,0x000000008514cd70,0x0000000088000000)
 Metaspace       used 33288K, capacity 33786K, committed 34096K, reserved 1079296K
  class space    used 3964K, capacity 4080K, committed 4144K, reserved 1048576K
Event: 20.737 GC heap after
Heap after GC invocations=9 (full 1):
 PSYoungGen      total 205824K, used 11760K [0x00000000d6b80000, 0x00000000e7680000, 0x0000000100000000)
  eden space 194048K, 0% used [0x00000000d6b80000,0x00000000d6b80000,0x00000000e2900000)
  from space 11776K, 99% used [0x00000000e6b00000,0x00000000e767c170,0x00000000e7680000)
  to   space 13824K, 0% used [0x00000000e5b80000,0x00000000e5b80000,0x00000000e6900000)
 ParOldGen       total 63488K, used 17284K [0x0000000084200000, 0x0000000088000000, 0x00000000d6b80000)
  object space 63488K, 27% used [0x0000000084200000,0x00000000852e1060,0x0000000088000000)
 Metaspace       used 33288K, capacity 33786K, committed 34096K, reserved 1079296K
  class space    used 3964K, capacity 4080K, committed 4144K, reserved 1048576K
}
Event: 21.506 GC heap before
{Heap before GC invocations=10 (full 1):
 PSYoungGen      total 205824K, used 85790K [0x00000000d6b80000, 0x00000000e7680000, 0x0000000100000000)
  eden space 194048K, 38% used [0x00000000d6b80000,0x00000000db3cb9c8,0x00000000e2900000)
  from space 11776K, 99% used [0x00000000e6b00000,0x00000000e767c170,0x00000000e7680000)
  to   space 13824K, 0% used [0x00000000e5b80000,0x00000000e5b80000,0x00000000e6900000)
 ParOldGen       total 63488K, used 17284K [0x0000000084200000, 0x0000000088000000, 0x00000000d6b80000)
  object space 63488K, 27% used [0x0000000084200000,0x00000000852e1060,0x0000000088000000)
 Metaspace       used 34768K, capacity 35232K, committed 35496K, reserved 1081344K
  class space    used 4117K, capacity 4241K, committed 4272K, reserved 1048576K
Event: 21.523 GC heap after
Heap after GC invocations=10 (full 1):
 PSYoungGen      total 259584K, used 7249K [0x00000000d6b80000, 0x00000000e7c00000, 0x0000000100000000)
  eden space 245760K, 0% used [0x00000000d6b80000,0x00000000d6b80000,0x00000000e5b80000)
  from space 13824K, 52% used [0x00000000e5b80000,0x00000000e6294748,0x00000000e6900000)
  to   space 13312K, 0% used [0x00000000e6f00000,0x00000000e6f00000,0x00000000e7c00000)
 ParOldGen       total 63488K, used 17292K [0x0000000084200000, 0x0000000088000000, 0x00000000d6b80000)
  object space 63488K, 27% used [0x0000000084200000,0x00000000852e3060,0x0000000088000000)
 Metaspace       used 34768K, capacity 35232K, committed 35496K, reserved 1081344K
  class space    used 4117K, capacity 4241K, committed 4272K, reserved 1048576K
}
Event: 21.523 GC heap before
{Heap before GC invocations=11 (full 2):
 PSYoungGen      total 259584K, used 7249K [0x00000000d6b80000, 0x00000000e7c00000, 0x0000000100000000)
  eden space 245760K, 0% used [0x00000000d6b80000,0x00000000d6b80000,0x00000000e5b80000)
  from space 13824K, 52% used [0x00000000e5b80000,0x00000000e6294748,0x00000000e6900000)
  to   space 13312K, 0% used [0x00000000e6f00000,0x00000000e6f00000,0x00000000e7c00000)
 ParOldGen       total 63488K, used 17292K [0x0000000084200000, 0x0000000088000000, 0x00000000d6b80000)
  object space 63488K, 27% used [0x0000000084200000,0x00000000852e3060,0x0000000088000000)
 Metaspace       used 34768K, capacity 35232K, committed 35496K, reserved 1081344K
  class space    used 4117K, capacity 4241K, committed 4272K, reserved 1048576K
Event: 21.658 GC heap after
Heap after GC invocations=11 (full 2):
 PSYoungGen      total 259584K, used 0K [0x00000000d6b80000, 0x00000000e7c00000, 0x0000000100000000)
  eden space 245760K, 0% used [0x00000000d6b80000,0x00000000d6b80000,0x00000000e5b80000)
  from space 13824K, 0% used [0x00000000e5b80000,0x00000000e5b80000,0x00000000e6900000)
  to   space 13312K, 0% used [0x00000000e6f00000,0x00000000e6f00000,0x00000000e7c00000)
 ParOldGen       total 86528K, used 22557K [0x0000000084200000, 0x0000000089680000, 0x00000000d6b80000)
  object space 86528K, 26% used [0x0000000084200000,0x00000000858077e8,0x0000000089680000)
 Metaspace       used 34768K, capacity 35232K, committed 35496K, reserved 1081344K
  class space    used 4117K, capacity 4241K, committed 4272K, reserved 1048576K
}

