# JRE version: Java(TM) SE Runtime Environment (8.0_66-b17) (build 1.8.0_66-b17)
# Java VM: Java HotSpot(TM) 64-Bit Server VM (25.66-b17 mixed mode windows-amd64 compressed oops)
Heap:
 PSYoungGen      total 263680K, used 148641K [0x00000000d6b80000, 0x00000000ebd00000, 0x0000000100000000)
  eden space 246784K, 60% used [0x00000000d6b80000,0x00000000dfca84c8,0x00000000e5c80000)
  from space 16896K, 0% used [0x00000000e5c80000,0x00000000e5c80000,0x00000000e6d00000)
  to   space 15872K, 0% used [0x00000000ead80000,0x00000000ead80000,0x00000000ebd00000)
 ParOldGen       total 90624K, used 21899K [0x0000000084200000, 0x0000000089a80000, 0x00000000d6b80000)
  object space 90624K, 24% used [0x0000000084200000,0x0000000085762e90,0x0000000089a80000)
 Metaspace       used 46163K, capacity 46886K, committed 47320K, reserved 1091584K
  class space    used 5337K, capacity 5550K, committed 5632K, reserved 1048576K
GC Heap History (10 events):
Event: 8.771 GC heap before
{Heap before GC invocations=5 (full 0):
 PSYoungGen      total 132096K, used 71925K [0x00000000d6b80000, 0x00000000df180000, 0x0000000100000000)
  eden space 126976K, 52% used [0x00000000d6b80000,0x00000000dacbf5d0,0x00000000de780000)
  from space 5120K, 99% used [0x00000000dec80000,0x00000000df17e010,0x00000000df180000)
  to   space 5120K, 0% used [0x00000000de780000,0x00000000de780000,0x00000000dec80000)
 ParOldGen       total 84992K, used 9477K [0x0000000084200000, 0x0000000089500000, 0x00000000d6b80000)
  object space 84992K, 11% used [0x0000000084200000,0x0000000084b41588,0x0000000089500000)
 Metaspace       used 20693K, capacity 21104K, committed 21248K, reserved 1069056K
  class space    used 2397K, capacity 2505K, committed 2560K, reserved 1048576K
Event: 8.808 GC heap after
Heap after GC invocations=5 (full 0):
 PSYoungGen      total 132096K, used 5104K [0x00000000d6b80000, 0x00000000e7d80000, 0x0000000100000000)
  eden space 126976K, 0% used [0x00000000d6b80000,0x00000000d6b80000,0x00000000de780000)
  from space 5120K, 99% used [0x00000000de780000,0x00000000dec7c028,0x00000000dec80000)
  to   space 13312K, 0% used [0x00000000e7080000,0x00000000e7080000,0x00000000e7d80000)
 ParOldGen       total 84992K, used 16718K [0x0000000084200000, 0x0000000089500000, 0x00000000d6b80000)
  object space 84992K, 19% used [0x0000000084200000,0x0000000085253968,0x0000000089500000)
 Metaspace       used 20693K, capacity 21104K, committed 21248K, reserved 1069056K
  class space    used 2397K, capacity 2505K, committed 2560K, reserved 1048576K
}
Event: 8.808 GC heap before
{Heap before GC invocations=6 (full 1):
 PSYoungGen      total 132096K, used 5104K [0x00000000d6b80000, 0x00000000e7d80000, 0x0000000100000000)
  eden space 126976K, 0% used [0x00000000d6b80000,0x00000000d6b80000,0x00000000de780000)
  from space 5120K, 99% used [0x00000000de780000,0x00000000dec7c028,0x00000000dec80000)
  to   space 13312K, 0% used [0x00000000e7080000,0x00000000e7080000,0x00000000e7d80000)
 ParOldGen       total 84992K, used 16718K [0x0000000084200000, 0x0000000089500000, 0x00000000d6b80000)
  object space 84992K, 19% used [0x0000000084200000,0x0000000085253968,0x0000000089500000)
 Metaspace       used 20693K, capacity 21104K, committed 21248K, reserved 1069056K
  class space    used 2397K, capacity 2505K, committed 2560K, reserved 1048576K
Event: 8.975 GC heap after
Heap after GC invocations=6 (full 1):
 PSYoungGen      total 132096K, used 0K [0x00000000d6b80000, 0x00000000e7d80000, 0x0000000100000000)
  eden space 126976K, 0% used [0x00000000d6b80000,0x00000000d6b80000,0x00000000de780000)
  from space 5120K, 0% used [0x00000000de780000,0x00000000de780000,0x00000000dec80000)
  to   space 13312K, 0% used [0x00000000e7080000,0x00000000e7080000,0x00000000e7d80000)
 ParOldGen       total 70144K, used 17972K [0x0000000084200000, 0x0000000088680000, 0x00000000d6b80000)
  object space 70144K, 25% used [0x0000000084200000,0x000000008538d110,0x0000000088680000)
 Metaspace       used 20693K, capacity 21104K, committed 21248K, reserved 1069056K
  class space    used 2397K, capacity 2505K, committed 2560K, reserved 1048576K
}
Event: 22.435 GC heap before
{Heap before GC invocations=7 (full 1):
 PSYoungGen      total 132096K, used 126976K [0x00000000d6b80000, 0x00000000e7d80000, 0x0000000100000000)
  eden space 126976K, 100% used [0x00000000d6b80000,0x00000000de780000,0x00000000de780000)
  from space 5120K, 0% used [0x00000000de780000,0x00000000de780000,0x00000000dec80000)
  to   space 13312K, 0% used [0x00000000e7080000,0x00000000e7080000,0x00000000e7d80000)
 ParOldGen       total 70144K, used 17972K [0x0000000084200000, 0x0000000088680000, 0x00000000d6b80000)
  object space 70144K, 25% used [0x0000000084200000,0x000000008538d110,0x0000000088680000)
 Metaspace       used 33858K, capacity 34330K, committed 34688K, reserved 1079296K
  class space    used 4013K, capacity 4112K, committed 4224K, reserved 1048576K
Event: 22.481 GC heap after
Heap after GC invocations=7 (full 1):
 PSYoungGen      total 210944K, used 13303K [0x00000000d6b80000, 0x00000000e7d80000, 0x0000000100000000)
  eden space 197632K, 0% used [0x00000000d6b80000,0x00000000d6b80000,0x00000000e2c80000)
  from space 13312K, 99% used [0x00000000e7080000,0x00000000e7d7ddc8,0x00000000e7d80000)
  to   space 16896K, 0% used [0x00000000e5c80000,0x00000000e5c80000,0x00000000e6d00000)
 ParOldGen       total 70144K, used 20068K [0x0000000084200000, 0x0000000088680000, 0x00000000d6b80000)
  object space 70144K, 28% used [0x0000000084200000,0x0000000085599210,0x0000000088680000)
 Metaspace       used 33858K, capacity 34330K, committed 34688K, reserved 1079296K
  class space    used 4013K, capacity 4112K, committed 4224K, reserved 1048576K
}
Event: 23.352 GC heap before
{Heap before GC invocations=8 (full 1):
 PSYoungGen      total 210944K, used 84275K [0x00000000d6b80000, 0x00000000e7d80000, 0x0000000100000000)
  eden space 197632K, 35% used [0x00000000d6b80000,0x00000000db0cf008,0x00000000e2c80000)
  from space 13312K, 99% used [0x00000000e7080000,0x00000000e7d7ddc8,0x00000000e7d80000)
  to   space 16896K, 0% used [0x00000000e5c80000,0x00000000e5c80000,0x00000000e6d00000)
 ParOldGen       total 70144K, used 20068K [0x0000000084200000, 0x0000000088680000, 0x00000000d6b80000)
  object space 70144K, 28% used [0x0000000084200000,0x0000000085599210,0x0000000088680000)
 Metaspace       used 34692K, capacity 35200K, committed 35416K, reserved 1081344K
  class space    used 4094K, capacity 4209K, committed 4224K, reserved 1048576K
Event: 23.386 GC heap after
Heap after GC invocations=8 (full 1):
 PSYoungGen      total 263680K, used 8443K [0x00000000d6b80000, 0x00000000ebd00000, 0x0000000100000000)
  eden space 246784K, 0% used [0x00000000d6b80000,0x00000000d6b80000,0x00000000e5c80000)
  from space 16896K, 49% used [0x00000000e5c80000,0x00000000e64bef10,0x00000000e6d00000)
  to   space 15872K, 0% used [0x00000000ead80000,0x00000000ead80000,0x00000000ebd00000)
 ParOldGen       total 70144K, used 20076K [0x0000000084200000, 0x0000000088680000, 0x00000000d6b80000)
  object space 70144K, 28% used [0x0000000084200000,0x000000008559b210,0x0000000088680000)
 Metaspace       used 34692K, capacity 35200K, committed 35416K, reserved 1081344K
  class space    used 4094K, capacity 4209K, committed 4224K, reserved 1048576K
}
Event: 23.386 GC heap before
{Heap before GC invocations=9 (full 2):
 PSYoungGen      total 263680K, used 8443K [0x00000000d6b80000, 0x00000000ebd00000, 0x0000000100000000)
  eden space 246784K, 0% used [0x00000000d6b80000,0x00000000d6b80000,0x00000000e5c80000)
  from space 16896K, 49% used [0x00000000e5c80000,0x00000000e64bef10,0x00000000e6d00000)
  to   space 15872K, 0% used [0x00000000ead80000,0x00000000ead80000,0x00000000ebd00000)
 ParOldGen       total 70144K, used 20076K [0x0000000084200000, 0x0000000088680000, 0x00000000d6b80000)
  object space 70144K, 28% used [0x0000000084200000,0x000000008559b210,0x0000000088680000)
 Metaspace       used 34692K, capacity 35200K, committed 35416K, reserved 1081344K
  class space    used 4094K, capacity 4209K, committed 4224K, reserved 1048576K
Event: 23.587 GC heap after
Heap after GC invocations=9 (full 2):
 PSYoungGen      total 263680K, used 0K [0x00000000d6b80000, 0x00000000ebd00000, 0x0000000100000000)
  eden space 246784K, 0% used [0x00000000d6b80000,0x00000000d6b80000,0x00000000e5c80000)
  from space 16896K, 0% used [0x00000000e5c80000,0x00000000e5c80000,0x00000000e6d00000)
  to   space 15872K, 0% used [0x00000000ead80000,0x00000000ead80000,0x00000000ebd00000)
 ParOldGen       total 90624K, used 21899K [0x0000000084200000, 0x0000000089a80000, 0x00000000d6b80000)
  object space 90624K, 24% used [0x0000000084200000,0x0000000085762e90,0x0000000089a80000)
 Metaspace       used 34692K, capacity 35200K, committed 35416K, reserved 1081344K
  class space    used 4094K, capacity 4209K, committed 4224K, reserved 1048576K
}

