# JRE version: Java(TM) SE Runtime Environment (8.0_66-b17) (build 1.8.0_66-b17)
# Java VM: Java HotSpot(TM) 64-Bit Server VM (25.66-b17 mixed mode windows-amd64 compressed oops)
Heap:
 PSYoungGen      total 258048K, used 226392K [0x00000000d6b80000, 0x00000000e9e80000, 0x0000000100000000)
  eden space 243712K, 92% used [0x00000000d6b80000,0x00000000e4896270,0x00000000e5980000)
  from space 14336K, 0% used [0x00000000e5980000,0x00000000e5980000,0x00000000e6780000)
  to   space 13824K, 0% used [0x00000000e9100000,0x00000000e9100000,0x00000000e9e80000)
 ParOldGen       total 77312K, used 21855K [0x0000000084200000, 0x0000000088d80000, 0x00000000d6b80000)
  object space 77312K, 28% used [0x0000000084200000,0x0000000085757e30,0x0000000088d80000)
 Metaspace       used 51201K, capacity 52096K, committed 52312K, reserved 1095680K
  class space    used 5705K, capacity 5931K, committed 6016K, reserved 1048576K
GC Heap History (10 events):
Event: 8.535 GC heap before
{Heap before GC invocations=7 (full 0):
 PSYoungGen      total 134656K, used 17364K [0x00000000d6b80000, 0x00000000dfe80000, 0x0000000100000000)
  eden space 124928K, 6% used [0x00000000d6b80000,0x00000000d72fc3e8,0x00000000de580000)
  from space 9728K, 99% used [0x00000000df100000,0x00000000dfa78d20,0x00000000dfa80000)
  to   space 11776K, 0% used [0x00000000de580000,0x00000000de580000,0x00000000df100000)
 ParOldGen       total 84992K, used 11415K [0x0000000084200000, 0x0000000089500000, 0x00000000d6b80000)
  object space 84992K, 13% used [0x0000000084200000,0x0000000084d25fa8,0x0000000089500000)
 Metaspace       used 20668K, capacity 21136K, committed 21248K, reserved 1069056K
  class space    used 2417K, capacity 2537K, committed 2560K, reserved 1048576K
Event: 8.564 GC heap after
Heap after GC invocations=7 (full 0):
 PSYoungGen      total 136704K, used 7427K [0x00000000d6b80000, 0x00000000e7580000, 0x0000000100000000)
  eden space 124928K, 0% used [0x00000000d6b80000,0x00000000d6b80000,0x00000000de580000)
  from space 11776K, 63% used [0x00000000de580000,0x00000000decc0e68,0x00000000df100000)
  to   space 11264K, 0% used [0x00000000e6a80000,0x00000000e6a80000,0x00000000e7580000)
 ParOldGen       total 84992K, used 13370K [0x0000000084200000, 0x0000000089500000, 0x00000000d6b80000)
  object space 84992K, 15% used [0x0000000084200000,0x0000000084f0e848,0x0000000089500000)
 Metaspace       used 20668K, capacity 21136K, committed 21248K, reserved 1069056K
  class space    used 2417K, capacity 2537K, committed 2560K, reserved 1048576K
}
Event: 8.564 GC heap before
{Heap before GC invocations=8 (full 1):
 PSYoungGen      total 136704K, used 7427K [0x00000000d6b80000, 0x00000000e7580000, 0x0000000100000000)
  eden space 124928K, 0% used [0x00000000d6b80000,0x00000000d6b80000,0x00000000de580000)
  from space 11776K, 63% used [0x00000000de580000,0x00000000decc0e68,0x00000000df100000)
  to   space 11264K, 0% used [0x00000000e6a80000,0x00000000e6a80000,0x00000000e7580000)
 ParOldGen       total 84992K, used 13370K [0x0000000084200000, 0x0000000089500000, 0x00000000d6b80000)
  object space 84992K, 15% used [0x0000000084200000,0x0000000084f0e848,0x0000000089500000)
 Metaspace       used 20668K, capacity 21136K, committed 21248K, reserved 1069056K
  class space    used 2417K, capacity 2537K, committed 2560K, reserved 1048576K
Event: 8.798 GC heap after
Heap after GC invocations=8 (full 1):
 PSYoungGen      total 136704K, used 0K [0x00000000d6b80000, 0x00000000e7580000, 0x0000000100000000)
  eden space 124928K, 0% used [0x00000000d6b80000,0x00000000d6b80000,0x00000000de580000)
  from space 11776K, 0% used [0x00000000de580000,0x00000000de580000,0x00000000df100000)
  to   space 11264K, 0% used [0x00000000e6a80000,0x00000000e6a80000,0x00000000e7580000)
 ParOldGen       total 59904K, used 15439K [0x0000000084200000, 0x0000000087c80000, 0x00000000d6b80000)
  object space 59904K, 25% used [0x0000000084200000,0x0000000085113cf8,0x0000000087c80000)
 Metaspace       used 20668K, capacity 21136K, committed 21248K, reserved 1069056K
  class space    used 2417K, capacity 2537K, committed 2560K, reserved 1048576K
}
Event: 170.106 GC heap before
{Heap before GC invocations=9 (full 1):
 PSYoungGen      total 136704K, used 124928K [0x00000000d6b80000, 0x00000000e7580000, 0x0000000100000000)
  eden space 124928K, 100% used [0x00000000d6b80000,0x00000000de580000,0x00000000de580000)
  from space 11776K, 0% used [0x00000000de580000,0x00000000de580000,0x00000000df100000)
  to   space 11264K, 0% used [0x00000000e6a80000,0x00000000e6a80000,0x00000000e7580000)
 ParOldGen       total 59904K, used 15439K [0x0000000084200000, 0x0000000087c80000, 0x00000000d6b80000)
  object space 59904K, 25% used [0x0000000084200000,0x0000000085113cf8,0x0000000087c80000)
 Metaspace       used 33856K, capacity 34362K, committed 34688K, reserved 1079296K
  class space    used 4021K, capacity 4144K, committed 4224K, reserved 1048576K
Event: 170.159 GC heap after
Heap after GC invocations=9 (full 1):
 PSYoungGen      total 219136K, used 11245K [0x00000000d6b80000, 0x00000000e7580000, 0x0000000100000000)
  eden space 207872K, 0% used [0x00000000d6b80000,0x00000000d6b80000,0x00000000e3680000)
  from space 11264K, 99% used [0x00000000e6a80000,0x00000000e757b678,0x00000000e7580000)
  to   space 14336K, 0% used [0x00000000e5980000,0x00000000e5980000,0x00000000e6780000)
 ParOldGen       total 59904K, used 19300K [0x0000000084200000, 0x0000000087c80000, 0x00000000d6b80000)
  object space 59904K, 32% used [0x0000000084200000,0x00000000854d93d0,0x0000000087c80000)
 Metaspace       used 33856K, capacity 34362K, committed 34688K, reserved 1079296K
  class space    used 4021K, capacity 4144K, committed 4224K, reserved 1048576K
}
Event: 171.039 GC heap before
{Heap before GC invocations=10 (full 1):
 PSYoungGen      total 219136K, used 82439K [0x00000000d6b80000, 0x00000000e7580000, 0x0000000100000000)
  eden space 207872K, 34% used [0x00000000d6b80000,0x00000000db106830,0x00000000e3680000)
  from space 11264K, 99% used [0x00000000e6a80000,0x00000000e757b678,0x00000000e7580000)
  to   space 14336K, 0% used [0x00000000e5980000,0x00000000e5980000,0x00000000e6780000)
 ParOldGen       total 59904K, used 19300K [0x0000000084200000, 0x0000000087c80000, 0x00000000d6b80000)
  object space 59904K, 32% used [0x0000000084200000,0x00000000854d93d0,0x0000000087c80000)
 Metaspace       used 34601K, capacity 35136K, committed 35416K, reserved 1081344K
  class space    used 4090K, capacity 4209K, committed 4224K, reserved 1048576K
Event: 171.060 GC heap after
Heap after GC invocations=10 (full 1):
 PSYoungGen      total 258048K, used 8020K [0x00000000d6b80000, 0x00000000e9e80000, 0x0000000100000000)
  eden space 243712K, 0% used [0x00000000d6b80000,0x00000000d6b80000,0x00000000e5980000)
  from space 14336K, 55% used [0x00000000e5980000,0x00000000e6155268,0x00000000e6780000)
  to   space 13824K, 0% used [0x00000000e9100000,0x00000000e9100000,0x00000000e9e80000)
 ParOldGen       total 59904K, used 19308K [0x0000000084200000, 0x0000000087c80000, 0x00000000d6b80000)
  object space 59904K, 32% used [0x0000000084200000,0x00000000854db3d0,0x0000000087c80000)
 Metaspace       used 34601K, capacity 35136K, committed 35416K, reserved 1081344K
  class space    used 4090K, capacity 4209K, committed 4224K, reserved 1048576K
}
Event: 171.060 GC heap before
{Heap before GC invocations=11 (full 2):
 PSYoungGen      total 258048K, used 8020K [0x00000000d6b80000, 0x00000000e9e80000, 0x0000000100000000)
  eden space 243712K, 0% used [0x00000000d6b80000,0x00000000d6b80000,0x00000000e5980000)
  from space 14336K, 55% used [0x00000000e5980000,0x00000000e6155268,0x00000000e6780000)
  to   space 13824K, 0% used [0x00000000e9100000,0x00000000e9100000,0x00000000e9e80000)
 ParOldGen       total 59904K, used 19308K [0x0000000084200000, 0x0000000087c80000, 0x00000000d6b80000)
  object space 59904K, 32% used [0x0000000084200000,0x00000000854db3d0,0x0000000087c80000)
 Metaspace       used 34601K, capacity 35136K, committed 35416K, reserved 1081344K
  class space    used 4090K, capacity 4209K, committed 4224K, reserved 1048576K
Event: 171.394 GC heap after
Heap after GC invocations=11 (full 2):
 PSYoungGen      total 258048K, used 0K [0x00000000d6b80000, 0x00000000e9e80000, 0x0000000100000000)
  eden space 243712K, 0% used [0x00000000d6b80000,0x00000000d6b80000,0x00000000e5980000)
  from space 14336K, 0% used [0x00000000e5980000,0x00000000e5980000,0x00000000e6780000)
  to   space 13824K, 0% used [0x00000000e9100000,0x00000000e9100000,0x00000000e9e80000)
 ParOldGen       total 77312K, used 21855K [0x0000000084200000, 0x0000000088d80000, 0x00000000d6b80000)
  object space 77312K, 28% used [0x0000000084200000,0x0000000085757e30,0x0000000088d80000)
 Metaspace       used 34601K, capacity 35136K, committed 35416K, reserved 1081344K
  class space    used 4090K, capacity 4209K, committed 4224K, reserved 1048576K
}

