# JRE version: Java(TM) SE Runtime Environment (8.0_66-b17) (build 1.8.0_66-b17)
# Java VM: Java HotSpot(TM) 64-Bit Server VM (25.66-b17 mixed mode windows-amd64 compressed oops)
Heap:
 PSYoungGen      total 258560K, used 181678K [0x00000000d6b80000, 0x00000000ec080000, 0x0000000100000000)
  eden space 244736K, 74% used [0x00000000d6b80000,0x00000000e1cebbc8,0x00000000e5a80000)
  from space 13824K, 0% used [0x00000000e5a80000,0x00000000e5a80000,0x00000000e6800000)
  to   space 13312K, 0% used [0x00000000eb380000,0x00000000eb380000,0x00000000ec080000)
 ParOldGen       total 71168K, used 21879K [0x0000000084200000, 0x0000000088780000, 0x00000000d6b80000)
  object space 71168K, 30% used [0x0000000084200000,0x000000008575df08,0x0000000088780000)
 Metaspace       used 47077K, capacity 48200K, committed 48384K, reserved 1091584K
  class space    used 5385K, capacity 5625K, committed 5632K, reserved 1048576K
GC Heap History (10 events):
Event: 7.110 GC heap before
{Heap before GC invocations=7 (full 0):
 PSYoungGen      total 134656K, used 17383K [0x00000000d6b80000, 0x00000000dfe80000, 0x0000000100000000)
  eden space 124928K, 6% used [0x00000000d6b80000,0x00000000d72f9fc0,0x00000000de580000)
  from space 9728K, 99% used [0x00000000df100000,0x00000000dfa7fcc0,0x00000000dfa80000)
  to   space 11776K, 0% used [0x00000000de580000,0x00000000de580000,0x00000000df100000)
 ParOldGen       total 84992K, used 11407K [0x0000000084200000, 0x0000000089500000, 0x00000000d6b80000)
  object space 84992K, 13% used [0x0000000084200000,0x0000000084d23ea8,0x0000000089500000)
 Metaspace       used 20710K, capacity 21136K, committed 21248K, reserved 1069056K
  class space    used 2419K, capacity 2537K, committed 2560K, reserved 1048576K
Event: 7.160 GC heap after
Heap after GC invocations=7 (full 0):
 PSYoungGen      total 136704K, used 7847K [0x00000000d6b80000, 0x00000000e7580000, 0x0000000100000000)
  eden space 124928K, 0% used [0x00000000d6b80000,0x00000000d6b80000,0x00000000de580000)
  from space 11776K, 66% used [0x00000000de580000,0x00000000ded29ea8,0x00000000df100000)
  to   space 11264K, 0% used [0x00000000e6a80000,0x00000000e6a80000,0x00000000e7580000)
 ParOldGen       total 84992K, used 13157K [0x0000000084200000, 0x0000000089500000, 0x00000000d6b80000)
  object space 84992K, 15% used [0x0000000084200000,0x0000000084ed9748,0x0000000089500000)
 Metaspace       used 20710K, capacity 21136K, committed 21248K, reserved 1069056K
  class space    used 2419K, capacity 2537K, committed 2560K, reserved 1048576K
}
Event: 7.161 GC heap before
{Heap before GC invocations=8 (full 1):
 PSYoungGen      total 136704K, used 7847K [0x00000000d6b80000, 0x00000000e7580000, 0x0000000100000000)
  eden space 124928K, 0% used [0x00000000d6b80000,0x00000000d6b80000,0x00000000de580000)
  from space 11776K, 66% used [0x00000000de580000,0x00000000ded29ea8,0x00000000df100000)
  to   space 11264K, 0% used [0x00000000e6a80000,0x00000000e6a80000,0x00000000e7580000)
 ParOldGen       total 84992K, used 13157K [0x0000000084200000, 0x0000000089500000, 0x00000000d6b80000)
  object space 84992K, 15% used [0x0000000084200000,0x0000000084ed9748,0x0000000089500000)
 Metaspace       used 20710K, capacity 21136K, committed 21248K, reserved 1069056K
  class space    used 2419K, capacity 2537K, committed 2560K, reserved 1048576K
Event: 7.327 GC heap after
Heap after GC invocations=8 (full 1):
 PSYoungGen      total 136704K, used 0K [0x00000000d6b80000, 0x00000000e7580000, 0x0000000100000000)
  eden space 124928K, 0% used [0x00000000d6b80000,0x00000000d6b80000,0x00000000de580000)
  from space 11776K, 0% used [0x00000000de580000,0x00000000de580000,0x00000000df100000)
  to   space 11264K, 0% used [0x00000000e6a80000,0x00000000e6a80000,0x00000000e7580000)
 ParOldGen       total 56832K, used 15679K [0x0000000084200000, 0x0000000087980000, 0x00000000d6b80000)
  object space 56832K, 27% used [0x0000000084200000,0x000000008514fd28,0x0000000087980000)
 Metaspace       used 20710K, capacity 21136K, committed 21248K, reserved 1069056K
  class space    used 2419K, capacity 2537K, committed 2560K, reserved 1048576K
}
Event: 34.889 GC heap before
{Heap before GC invocations=9 (full 1):
 PSYoungGen      total 136704K, used 124928K [0x00000000d6b80000, 0x00000000e7580000, 0x0000000100000000)
  eden space 124928K, 100% used [0x00000000d6b80000,0x00000000de580000,0x00000000de580000)
  from space 11776K, 0% used [0x00000000de580000,0x00000000de580000,0x00000000df100000)
  to   space 11264K, 0% used [0x00000000e6a80000,0x00000000e6a80000,0x00000000e7580000)
 ParOldGen       total 56832K, used 15679K [0x0000000084200000, 0x0000000087980000, 0x00000000d6b80000)
  object space 56832K, 27% used [0x0000000084200000,0x000000008514fd28,0x0000000087980000)
 Metaspace       used 33813K, capacity 34298K, committed 34688K, reserved 1079296K
  class space    used 4020K, capacity 4144K, committed 4224K, reserved 1048576K
Event: 34.929 GC heap after
Heap after GC invocations=9 (full 1):
 PSYoungGen      total 233984K, used 11263K [0x00000000d6b80000, 0x00000000e7580000, 0x0000000100000000)
  eden space 222720K, 0% used [0x00000000d6b80000,0x00000000d6b80000,0x00000000e4500000)
  from space 11264K, 99% used [0x00000000e6a80000,0x00000000e757fee8,0x00000000e7580000)
  to   space 13824K, 0% used [0x00000000e5a80000,0x00000000e5a80000,0x00000000e6800000)
 ParOldGen       total 56832K, used 19204K [0x0000000084200000, 0x0000000087980000, 0x00000000d6b80000)
  object space 56832K, 33% used [0x0000000084200000,0x00000000854c13f0,0x0000000087980000)
 Metaspace       used 33813K, capacity 34298K, committed 34688K, reserved 1079296K
  class space    used 4020K, capacity 4144K, committed 4224K, reserved 1048576K
}
Event: 35.938 GC heap before
{Heap before GC invocations=10 (full 1):
 PSYoungGen      total 233984K, used 80369K [0x00000000d6b80000, 0x00000000e7580000, 0x0000000100000000)
  eden space 222720K, 31% used [0x00000000d6b80000,0x00000000daefc5f8,0x00000000e4500000)
  from space 11264K, 99% used [0x00000000e6a80000,0x00000000e757fee8,0x00000000e7580000)
  to   space 13824K, 0% used [0x00000000e5a80000,0x00000000e5a80000,0x00000000e6800000)
 ParOldGen       total 56832K, used 19204K [0x0000000084200000, 0x0000000087980000, 0x00000000d6b80000)
  object space 56832K, 33% used [0x0000000084200000,0x00000000854c13f0,0x0000000087980000)
 Metaspace       used 34633K, capacity 35104K, committed 35416K, reserved 1081344K
  class space    used 4101K, capacity 4241K, committed 4352K, reserved 1048576K
Event: 35.960 GC heap after
Heap after GC invocations=10 (full 1):
 PSYoungGen      total 258560K, used 7804K [0x00000000d6b80000, 0x00000000ec080000, 0x0000000100000000)
  eden space 244736K, 0% used [0x00000000d6b80000,0x00000000d6b80000,0x00000000e5a80000)
  from space 13824K, 56% used [0x00000000e5a80000,0x00000000e621f2b8,0x00000000e6800000)
  to   space 13312K, 0% used [0x00000000eb380000,0x00000000eb380000,0x00000000ec080000)
 ParOldGen       total 56832K, used 19212K [0x0000000084200000, 0x0000000087980000, 0x00000000d6b80000)
  object space 56832K, 33% used [0x0000000084200000,0x00000000854c33f0,0x0000000087980000)
 Metaspace       used 34633K, capacity 35104K, committed 35416K, reserved 1081344K
  class space    used 4101K, capacity 4241K, committed 4352K, reserved 1048576K
}
Event: 35.960 GC heap before
{Heap before GC invocations=11 (full 2):
 PSYoungGen      total 258560K, used 7804K [0x00000000d6b80000, 0x00000000ec080000, 0x0000000100000000)
  eden space 244736K, 0% used [0x00000000d6b80000,0x00000000d6b80000,0x00000000e5a80000)
  from space 13824K, 56% used [0x00000000e5a80000,0x00000000e621f2b8,0x00000000e6800000)
  to   space 13312K, 0% used [0x00000000eb380000,0x00000000eb380000,0x00000000ec080000)
 ParOldGen       total 56832K, used 19212K [0x0000000084200000, 0x0000000087980000, 0x00000000d6b80000)
  object space 56832K, 33% used [0x0000000084200000,0x00000000854c33f0,0x0000000087980000)
 Metaspace       used 34633K, capacity 35104K, committed 35416K, reserved 1081344K
  class space    used 4101K, capacity 4241K, committed 4352K, reserved 1048576K
Event: 36.233 GC heap after
Heap after GC invocations=11 (full 2):
 PSYoungGen      total 258560K, used 0K [0x00000000d6b80000, 0x00000000ec080000, 0x0000000100000000)
  eden space 244736K, 0% used [0x00000000d6b80000,0x00000000d6b80000,0x00000000e5a80000)
  from space 13824K, 0% used [0x00000000e5a80000,0x00000000e5a80000,0x00000000e6800000)
  to   space 13312K, 0% used [0x00000000eb380000,0x00000000eb380000,0x00000000ec080000)
 ParOldGen       total 71168K, used 21879K [0x0000000084200000, 0x0000000088780000, 0x00000000d6b80000)
  object space 71168K, 30% used [0x0000000084200000,0x000000008575df08,0x0000000088780000)
 Metaspace       used 34633K, capacity 35104K, committed 35416K, reserved 1081344K
  class space    used 4101K, capacity 4241K, committed 4352K, reserved 1048576K
}

