# JRE version: Java(TM) SE Runtime Environment (8.0_66-b17) (build 1.8.0_66-b17)
# Java VM: Java HotSpot(TM) 64-Bit Server VM (25.66-b17 mixed mode windows-amd64 compressed oops)
Heap:
 PSYoungGen      total 264192K, used 147948K [0x00000000d6b80000, 0x00000000ebd80000, 0x0000000100000000)
  eden space 247808K, 59% used [0x00000000d6b80000,0x00000000dfbfb210,0x00000000e5d80000)
  from space 16384K, 0% used [0x00000000e5d80000,0x00000000e5d80000,0x00000000e6d80000)
  to   space 15360K, 0% used [0x00000000eae80000,0x00000000eae80000,0x00000000ebd80000)
 ParOldGen       total 86528K, used 22524K [0x0000000084200000, 0x0000000089680000, 0x00000000d6b80000)
  object space 86528K, 26% used [0x0000000084200000,0x00000000857ff128,0x0000000089680000)
 Metaspace       used 46223K, capacity 46910K, committed 47320K, reserved 1091584K
  class space    used 5338K, capacity 5554K, committed 5632K, reserved 1048576K
GC Heap History (10 events):
Event: 8.206 GC heap before
{Heap before GC invocations=5 (full 0):
 PSYoungGen      total 132096K, used 69928K [0x00000000d6b80000, 0x00000000df180000, 0x0000000100000000)
  eden space 126976K, 51% used [0x00000000d6b80000,0x00000000daad0008,0x00000000de780000)
  from space 5120K, 99% used [0x00000000dec80000,0x00000000df17a040,0x00000000df180000)
  to   space 5120K, 0% used [0x00000000de780000,0x00000000de780000,0x00000000dec80000)
 ParOldGen       total 84992K, used 8864K [0x0000000084200000, 0x0000000089500000, 0x00000000d6b80000)
  object space 84992K, 10% used [0x0000000084200000,0x0000000084aa8288,0x0000000089500000)
 Metaspace       used 20684K, capacity 21136K, committed 21248K, reserved 1069056K
  class space    used 2401K, capacity 2537K, committed 2560K, reserved 1048576K
Event: 8.235 GC heap after
Heap after GC invocations=5 (full 0):
 PSYoungGen      total 132096K, used 5088K [0x00000000d6b80000, 0x00000000e7d80000, 0x0000000100000000)
  eden space 126976K, 0% used [0x00000000d6b80000,0x00000000d6b80000,0x00000000de780000)
  from space 5120K, 99% used [0x00000000de780000,0x00000000dec78038,0x00000000dec80000)
  to   space 13312K, 0% used [0x00000000e7080000,0x00000000e7080000,0x00000000e7d80000)
 ParOldGen       total 84992K, used 16045K [0x0000000084200000, 0x0000000089500000, 0x00000000d6b80000)
  object space 84992K, 18% used [0x0000000084200000,0x00000000851ab7e0,0x0000000089500000)
 Metaspace       used 20684K, capacity 21136K, committed 21248K, reserved 1069056K
  class space    used 2401K, capacity 2537K, committed 2560K, reserved 1048576K
}
Event: 8.235 GC heap before
{Heap before GC invocations=6 (full 1):
 PSYoungGen      total 132096K, used 5088K [0x00000000d6b80000, 0x00000000e7d80000, 0x0000000100000000)
  eden space 126976K, 0% used [0x00000000d6b80000,0x00000000d6b80000,0x00000000de780000)
  from space 5120K, 99% used [0x00000000de780000,0x00000000dec78038,0x00000000dec80000)
  to   space 13312K, 0% used [0x00000000e7080000,0x00000000e7080000,0x00000000e7d80000)
 ParOldGen       total 84992K, used 16045K [0x0000000084200000, 0x0000000089500000, 0x00000000d6b80000)
  object space 84992K, 18% used [0x0000000084200000,0x00000000851ab7e0,0x0000000089500000)
 Metaspace       used 20684K, capacity 21136K, committed 21248K, reserved 1069056K
  class space    used 2401K, capacity 2537K, committed 2560K, reserved 1048576K
Event: 8.398 GC heap after
Heap after GC invocations=6 (full 1):
 PSYoungGen      total 132096K, used 0K [0x00000000d6b80000, 0x00000000e7d80000, 0x0000000100000000)
  eden space 126976K, 0% used [0x00000000d6b80000,0x00000000d6b80000,0x00000000de780000)
  from space 5120K, 0% used [0x00000000de780000,0x00000000de780000,0x00000000dec80000)
  to   space 13312K, 0% used [0x00000000e7080000,0x00000000e7080000,0x00000000e7d80000)
 ParOldGen       total 70144K, used 18335K [0x0000000084200000, 0x0000000088680000, 0x00000000d6b80000)
  object space 70144K, 26% used [0x0000000084200000,0x00000000853e7f48,0x0000000088680000)
 Metaspace       used 20684K, capacity 21136K, committed 21248K, reserved 1069056K
  class space    used 2401K, capacity 2537K, committed 2560K, reserved 1048576K
}
Event: 103.490 GC heap before
{Heap before GC invocations=7 (full 1):
 PSYoungGen      total 132096K, used 126976K [0x00000000d6b80000, 0x00000000e7d80000, 0x0000000100000000)
  eden space 126976K, 100% used [0x00000000d6b80000,0x00000000de780000,0x00000000de780000)
  from space 5120K, 0% used [0x00000000de780000,0x00000000de780000,0x00000000dec80000)
  to   space 13312K, 0% used [0x00000000e7080000,0x00000000e7080000,0x00000000e7d80000)
 ParOldGen       total 70144K, used 18335K [0x0000000084200000, 0x0000000088680000, 0x00000000d6b80000)
  object space 70144K, 26% used [0x0000000084200000,0x00000000853e7f48,0x0000000088680000)
 Metaspace       used 33624K, capacity 34106K, committed 34304K, reserved 1079296K
  class space    used 3976K, capacity 4080K, committed 4096K, reserved 1048576K
Event: 103.516 GC heap after
Heap after GC invocations=7 (full 1):
 PSYoungGen      total 213504K, used 13297K [0x00000000d6b80000, 0x00000000e7d80000, 0x0000000100000000)
  eden space 200192K, 0% used [0x00000000d6b80000,0x00000000d6b80000,0x00000000e2f00000)
  from space 13312K, 99% used [0x00000000e7080000,0x00000000e7d7c488,0x00000000e7d80000)
  to   space 16384K, 0% used [0x00000000e5d80000,0x00000000e5d80000,0x00000000e6d80000)
 ParOldGen       total 70144K, used 20118K [0x0000000084200000, 0x0000000088680000, 0x00000000d6b80000)
  object space 70144K, 28% used [0x0000000084200000,0x00000000855a5a80,0x0000000088680000)
 Metaspace       used 33624K, capacity 34106K, committed 34304K, reserved 1079296K
  class space    used 3976K, capacity 4080K, committed 4096K, reserved 1048576K
}
Event: 104.364 GC heap before
{Heap before GC invocations=8 (full 1):
 PSYoungGen      total 213504K, used 87597K [0x00000000d6b80000, 0x00000000e7d80000, 0x0000000100000000)
  eden space 200192K, 37% used [0x00000000d6b80000,0x00000000db40f0d8,0x00000000e2f00000)
  from space 13312K, 99% used [0x00000000e7080000,0x00000000e7d7c488,0x00000000e7d80000)
  to   space 16384K, 0% used [0x00000000e5d80000,0x00000000e5d80000,0x00000000e6d80000)
 ParOldGen       total 70144K, used 20118K [0x0000000084200000, 0x0000000088680000, 0x00000000d6b80000)
  object space 70144K, 28% used [0x0000000084200000,0x00000000855a5a80,0x0000000088680000)
 Metaspace       used 34750K, capacity 35200K, committed 35416K, reserved 1081344K
  class space    used 4098K, capacity 4209K, committed 4224K, reserved 1048576K
Event: 104.387 GC heap after
Heap after GC invocations=8 (full 1):
 PSYoungGen      total 264192K, used 8743K [0x00000000d6b80000, 0x00000000ebd80000, 0x0000000100000000)
  eden space 247808K, 0% used [0x00000000d6b80000,0x00000000d6b80000,0x00000000e5d80000)
  from space 16384K, 53% used [0x00000000e5d80000,0x00000000e6609ef0,0x00000000e6d80000)
  to   space 15360K, 0% used [0x00000000eae80000,0x00000000eae80000,0x00000000ebd80000)
 ParOldGen       total 70144K, used 20126K [0x0000000084200000, 0x0000000088680000, 0x00000000d6b80000)
  object space 70144K, 28% used [0x0000000084200000,0x00000000855a7a80,0x0000000088680000)
 Metaspace       used 34750K, capacity 35200K, committed 35416K, reserved 1081344K
  class space    used 4098K, capacity 4209K, committed 4224K, reserved 1048576K
}
Event: 104.387 GC heap before
{Heap before GC invocations=9 (full 2):
 PSYoungGen      total 264192K, used 8743K [0x00000000d6b80000, 0x00000000ebd80000, 0x0000000100000000)
  eden space 247808K, 0% used [0x00000000d6b80000,0x00000000d6b80000,0x00000000e5d80000)
  from space 16384K, 53% used [0x00000000e5d80000,0x00000000e6609ef0,0x00000000e6d80000)
  to   space 15360K, 0% used [0x00000000eae80000,0x00000000eae80000,0x00000000ebd80000)
 ParOldGen       total 70144K, used 20126K [0x0000000084200000, 0x0000000088680000, 0x00000000d6b80000)
  object space 70144K, 28% used [0x0000000084200000,0x00000000855a7a80,0x0000000088680000)
 Metaspace       used 34750K, capacity 35200K, committed 35416K, reserved 1081344K
  class space    used 4098K, capacity 4209K, committed 4224K, reserved 1048576K
Event: 104.585 GC heap after
Heap after GC invocations=9 (full 2):
 PSYoungGen      total 264192K, used 0K [0x00000000d6b80000, 0x00000000ebd80000, 0x0000000100000000)
  eden space 247808K, 0% used [0x00000000d6b80000,0x00000000d6b80000,0x00000000e5d80000)
  from space 16384K, 0% used [0x00000000e5d80000,0x00000000e5d80000,0x00000000e6d80000)
  to   space 15360K, 0% used [0x00000000eae80000,0x00000000eae80000,0x00000000ebd80000)
 ParOldGen       total 86528K, used 22524K [0x0000000084200000, 0x0000000089680000, 0x00000000d6b80000)
  object space 86528K, 26% used [0x0000000084200000,0x00000000857ff128,0x0000000089680000)
 Metaspace       used 34750K, capacity 35200K, committed 35416K, reserved 1081344K
  class space    used 4098K, capacity 4209K, committed 4224K, reserved 1048576K
}

