# JRE version: Java(TM) SE Runtime Environment (8.0_66-b17) (build 1.8.0_66-b17)
# Java VM: Java HotSpot(TM) 64-Bit Server VM (25.66-b17 mixed mode windows-amd64 compressed oops)
Heap:
 PSYoungGen      total 257536K, used 142351K [0x00000000d6b80000, 0x00000000ec500000, 0x0000000100000000)
  eden space 243712K, 58% used [0x00000000d6b80000,0x00000000df683c00,0x00000000e5980000)
  from space 13824K, 0% used [0x00000000e5980000,0x00000000e5980000,0x00000000e6700000)
  to   space 13312K, 0% used [0x00000000eb800000,0x00000000eb800000,0x00000000ec500000)
 ParOldGen       total 70144K, used 22955K [0x0000000084200000, 0x0000000088680000, 0x00000000d6b80000)
  object space 70144K, 32% used [0x0000000084200000,0x000000008586ad98,0x0000000088680000)
 Metaspace       used 46099K, capacity 46834K, committed 47320K, reserved 1091584K
  class space    used 5338K, capacity 5552K, committed 5632K, reserved 1048576K
GC Heap History (10 events):
Event: 8.587 GC heap before
{Heap before GC invocations=7 (full 0):
 PSYoungGen      total 133632K, used 16778K [0x00000000d6b80000, 0x00000000dfe80000, 0x0000000100000000)
  eden space 124416K, 6% used [0x00000000d6b80000,0x00000000d72e4530,0x00000000de500000)
  from space 9216K, 99% used [0x00000000df080000,0x00000000df97e308,0x00000000df980000)
  to   space 11776K, 0% used [0x00000000de500000,0x00000000de500000,0x00000000df080000)
 ParOldGen       total 84992K, used 11524K [0x0000000084200000, 0x0000000089500000, 0x00000000d6b80000)
  object space 84992K, 13% used [0x0000000084200000,0x0000000084d413e0,0x0000000089500000)
 Metaspace       used 20659K, capacity 21136K, committed 21248K, reserved 1069056K
  class space    used 2417K, capacity 2537K, committed 2560K, reserved 1048576K
Event: 8.614 GC heap after
Heap after GC invocations=7 (full 0):
 PSYoungGen      total 136192K, used 7061K [0x00000000d6b80000, 0x00000000e7480000, 0x0000000100000000)
  eden space 124416K, 0% used [0x00000000d6b80000,0x00000000d6b80000,0x00000000de500000)
  from space 11776K, 59% used [0x00000000de500000,0x00000000debe5658,0x00000000df080000)
  to   space 11264K, 0% used [0x00000000e6980000,0x00000000e6980000,0x00000000e7480000)
 ParOldGen       total 84992K, used 13687K [0x0000000084200000, 0x0000000089500000, 0x00000000d6b80000)
  object space 84992K, 16% used [0x0000000084200000,0x0000000084f5dc80,0x0000000089500000)
 Metaspace       used 20659K, capacity 21136K, committed 21248K, reserved 1069056K
  class space    used 2417K, capacity 2537K, committed 2560K, reserved 1048576K
}
Event: 8.614 GC heap before
{Heap before GC invocations=8 (full 1):
 PSYoungGen      total 136192K, used 7061K [0x00000000d6b80000, 0x00000000e7480000, 0x0000000100000000)
  eden space 124416K, 0% used [0x00000000d6b80000,0x00000000d6b80000,0x00000000de500000)
  from space 11776K, 59% used [0x00000000de500000,0x00000000debe5658,0x00000000df080000)
  to   space 11264K, 0% used [0x00000000e6980000,0x00000000e6980000,0x00000000e7480000)
 ParOldGen       total 84992K, used 13687K [0x0000000084200000, 0x0000000089500000, 0x00000000d6b80000)
  object space 84992K, 16% used [0x0000000084200000,0x0000000084f5dc80,0x0000000089500000)
 Metaspace       used 20659K, capacity 21136K, committed 21248K, reserved 1069056K
  class space    used 2417K, capacity 2537K, committed 2560K, reserved 1048576K
Event: 8.763 GC heap after
Heap after GC invocations=8 (full 1):
 PSYoungGen      total 136192K, used 0K [0x00000000d6b80000, 0x00000000e7480000, 0x0000000100000000)
  eden space 124416K, 0% used [0x00000000d6b80000,0x00000000d6b80000,0x00000000de500000)
  from space 11776K, 0% used [0x00000000de500000,0x00000000de500000,0x00000000df080000)
  to   space 11264K, 0% used [0x00000000e6980000,0x00000000e6980000,0x00000000e7480000)
 ParOldGen       total 56320K, used 14568K [0x0000000084200000, 0x0000000087900000, 0x00000000d6b80000)
  object space 56320K, 25% used [0x0000000084200000,0x000000008503a350,0x0000000087900000)
 Metaspace       used 20659K, capacity 21136K, committed 21248K, reserved 1069056K
  class space    used 2417K, capacity 2537K, committed 2560K, reserved 1048576K
}
Event: 69.188 GC heap before
{Heap before GC invocations=9 (full 1):
 PSYoungGen      total 136192K, used 124416K [0x00000000d6b80000, 0x00000000e7480000, 0x0000000100000000)
  eden space 124416K, 100% used [0x00000000d6b80000,0x00000000de500000,0x00000000de500000)
  from space 11776K, 0% used [0x00000000de500000,0x00000000de500000,0x00000000df080000)
  to   space 11264K, 0% used [0x00000000e6980000,0x00000000e6980000,0x00000000e7480000)
 ParOldGen       total 56320K, used 14568K [0x0000000084200000, 0x0000000087900000, 0x00000000d6b80000)
  object space 56320K, 25% used [0x0000000084200000,0x000000008503a350,0x0000000087900000)
 Metaspace       used 33312K, capacity 33850K, committed 34048K, reserved 1079296K
  class space    used 3950K, capacity 4080K, committed 4096K, reserved 1048576K
Event: 69.221 GC heap after
Heap after GC invocations=9 (full 1):
 PSYoungGen      total 230912K, used 11255K [0x00000000d6b80000, 0x00000000e7480000, 0x0000000100000000)
  eden space 219648K, 0% used [0x00000000d6b80000,0x00000000d6b80000,0x00000000e4200000)
  from space 11264K, 99% used [0x00000000e6980000,0x00000000e747de48,0x00000000e7480000)
  to   space 13824K, 0% used [0x00000000e5980000,0x00000000e5980000,0x00000000e6700000)
 ParOldGen       total 56320K, used 18135K [0x0000000084200000, 0x0000000087900000, 0x00000000d6b80000)
  object space 56320K, 32% used [0x0000000084200000,0x00000000853b5d78,0x0000000087900000)
 Metaspace       used 33312K, capacity 33850K, committed 34048K, reserved 1079296K
  class space    used 3950K, capacity 4080K, committed 4096K, reserved 1048576K
}
Event: 70.088 GC heap before
{Heap before GC invocations=10 (full 1):
 PSYoungGen      total 230912K, used 87720K [0x00000000d6b80000, 0x00000000e7480000, 0x0000000100000000)
  eden space 219648K, 34% used [0x00000000d6b80000,0x00000000db62c510,0x00000000e4200000)
  from space 11264K, 99% used [0x00000000e6980000,0x00000000e747de48,0x00000000e7480000)
  to   space 13824K, 0% used [0x00000000e5980000,0x00000000e5980000,0x00000000e6700000)
 ParOldGen       total 56320K, used 18135K [0x0000000084200000, 0x0000000087900000, 0x00000000d6b80000)
  object space 56320K, 32% used [0x0000000084200000,0x00000000853b5d78,0x0000000087900000)
 Metaspace       used 34622K, capacity 35136K, committed 35416K, reserved 1081344K
  class space    used 4092K, capacity 4209K, committed 4224K, reserved 1048576K
Event: 70.220 GC heap after
Heap after GC invocations=10 (full 1):
 PSYoungGen      total 257536K, used 8737K [0x00000000d6b80000, 0x00000000ec500000, 0x0000000100000000)
  eden space 243712K, 0% used [0x00000000d6b80000,0x00000000d6b80000,0x00000000e5980000)
  from space 13824K, 63% used [0x00000000e5980000,0x00000000e6208410,0x00000000e6700000)
  to   space 13312K, 0% used [0x00000000eb800000,0x00000000eb800000,0x00000000ec500000)
 ParOldGen       total 56320K, used 18143K [0x0000000084200000, 0x0000000087900000, 0x00000000d6b80000)
  object space 56320K, 32% used [0x0000000084200000,0x00000000853b7d78,0x0000000087900000)
 Metaspace       used 34622K, capacity 35136K, committed 35416K, reserved 1081344K
  class space    used 4092K, capacity 4209K, committed 4224K, reserved 1048576K
}
Event: 70.220 GC heap before
{Heap before GC invocations=11 (full 2):
 PSYoungGen      total 257536K, used 8737K [0x00000000d6b80000, 0x00000000ec500000, 0x0000000100000000)
  eden space 243712K, 0% used [0x00000000d6b80000,0x00000000d6b80000,0x00000000e5980000)
  from space 13824K, 63% used [0x00000000e5980000,0x00000000e6208410,0x00000000e6700000)
  to   space 13312K, 0% used [0x00000000eb800000,0x00000000eb800000,0x00000000ec500000)
 ParOldGen       total 56320K, used 18143K [0x0000000084200000, 0x0000000087900000, 0x00000000d6b80000)
  object space 56320K, 32% used [0x0000000084200000,0x00000000853b7d78,0x0000000087900000)
 Metaspace       used 34622K, capacity 35136K, committed 35416K, reserved 1081344K
  class space    used 4092K, capacity 4209K, committed 4224K, reserved 1048576K
Event: 70.416 GC heap after
Heap after GC invocations=11 (full 2):
 PSYoungGen      total 257536K, used 0K [0x00000000d6b80000, 0x00000000ec500000, 0x0000000100000000)
  eden space 243712K, 0% used [0x00000000d6b80000,0x00000000d6b80000,0x00000000e5980000)
  from space 13824K, 0% used [0x00000000e5980000,0x00000000e5980000,0x00000000e6700000)
  to   space 13312K, 0% used [0x00000000eb800000,0x00000000eb800000,0x00000000ec500000)
 ParOldGen       total 70144K, used 22955K [0x0000000084200000, 0x0000000088680000, 0x00000000d6b80000)
  object space 70144K, 32% used [0x0000000084200000,0x000000008586ad98,0x0000000088680000)
 Metaspace       used 34622K, capacity 35136K, committed 35416K, reserved 1081344K
  class space    used 4092K, capacity 4209K, committed 4224K, reserved 1048576K
}

